<?xml version="1.0" encoding="UTF-8"?>
<!-- Generated by org.testng.reporters.JUnitXMLReporter -->
<testsuite ignored="4" hostname="DESKTOP-OSKMDJ7" failures="0" tests="1" name="Default test" time="19.464" errors="0" timestamp="2024-05-22T10:46:13 IST">
  <testcase classname="AutoBots.BuildFramwork.OrdersPageValidation" name="ValidationOfURLinOrdersPage" time="8.609"/>
  <testcase classname="AutoBots.BuildFramwork.OrdersPageValidation" name="ValidationOfPageHeaderInOrdersPage" time="0.0">
    <ignored/>
  </testcase> <!-- ValidationOfPageHeaderInOrdersPage -->
  <testcase classname="AutoBots.BuildFramwork.OrdersPageValidation" name="CompleteFlow" time="0.0">
    <ignored/>
  </testcase> <!-- CompleteFlow -->
  <testcase classname="AutoBots.BuildFramwork.OrdersPageValidation" name="ValidationOfItemsInOrderPage" time="0.0">
    <ignored/>
  </testcase> <!-- ValidationOfItemsInOrderPage -->
  <testcase classname="AutoBots.BuildFramwork.OrdersPageValidation" name="ValidationOfGreenKartButtonText" time="0.0">
    <ignored/>
  </testcase> <!-- ValidationOfGreenKartButtonText -->
</testsuite> <!-- Default test -->
