<?xml version="1.0" encoding="UTF-8"?>
<testng-results ignored="21" total="39" passed="17" failed="1" skipped="0">
  <reporter-output>
  </reporter-output>
  <suite started-at="2024-05-31T12:15:49 IST" name="Suite" finished-at="2024-05-31T12:17:42 IST" duration-ms="113096">
    <groups>
      <group name="vinay">
        <method signature="ItemsPageValidation.FlowOfItemsPage()[pri:0, instance:AutoBots.BuildFramwork.ItemsPageValidation@69c81773]" name="FlowOfItemsPage" class="AutoBots.BuildFramwork.ItemsPageValidation"/>
        <method signature="ItemsPageValidation.ValidationOfItemsPageLogo()[pri:0, instance:AutoBots.BuildFramwork.ItemsPageValidation@69c81773]" name="ValidationOfItemsPageLogo" class="AutoBots.BuildFramwork.ItemsPageValidation"/>
        <method signature="ItemsPageValidation.ValidationOfTitleGreen()[pri:0, instance:AutoBots.BuildFramwork.ItemsPageValidation@69c81773]" name="ValidationOfTitleGreen" class="AutoBots.BuildFramwork.ItemsPageValidation"/>
        <method signature="ItemsPageValidation.ValidationOfTitleKart()[pri:0, instance:AutoBots.BuildFramwork.ItemsPageValidation@69c81773]" name="ValidationOfTitleKart" class="AutoBots.BuildFramwork.ItemsPageValidation"/>
        <method signature="ItemsPageValidation.ValidationofSearchBox()[pri:0, instance:AutoBots.BuildFramwork.ItemsPageValidation@69c81773]" name="ValidationofSearchBox" class="AutoBots.BuildFramwork.ItemsPageValidation"/>
      </group> <!-- vinay -->
      <group name="group1">
        <method signature="LoginPageValidation.ValidCredentials()[pri:0, instance:AutoBots.BuildFramwork.LoginPageValidation@4e5ed836]" name="ValidCredentials" class="AutoBots.BuildFramwork.LoginPageValidation"/>
        <method signature="LoginPageValidation.ValidationOfSiginButtonText()[pri:0, instance:AutoBots.BuildFramwork.LoginPageValidation@4e5ed836]" name="ValidationOfSiginButtonText" class="AutoBots.BuildFramwork.LoginPageValidation"/>
        <method signature="LoginPageValidation.ValidationsOfLoginPageUrl()[pri:0, instance:AutoBots.BuildFramwork.LoginPageValidation@4e5ed836]" name="ValidationsOfLoginPageUrl" class="AutoBots.BuildFramwork.LoginPageValidation"/>
      </group> <!-- group1 -->
    </groups>
    <test started-at="2024-05-31T12:15:49 IST" name="Test" finished-at="2024-05-31T12:17:42 IST" duration-ms="113096">
      <class name="AutoBots.BuildFramwork.ChcekOutPageValidatio">
        <test-method is-config="true" signature="getlogin()[pri:0, instance:AutoBots.BuildFramwork.ChcekOutPageValidatio@4d14b6c2]" started-at="2024-05-31T12:16:41 IST" name="getlogin" finished-at="2024-05-31T12:16:44 IST" duration-ms="2782" status="PASS">
          <reporter-output>
          </reporter-output>
        </test-method> <!-- getlogin -->
        <test-method signature="ValidationOfSelectedItems()[pri:0, instance:AutoBots.BuildFramwork.ChcekOutPageValidatio@4d14b6c2]" started-at="2024-05-31T12:16:44 IST" name="ValidationOfSelectedItems" finished-at="2024-05-31T12:16:50 IST" duration-ms="6354" status="PASS">
          <reporter-output>
          </reporter-output>
        </test-method> <!-- ValidationOfSelectedItems -->
        <test-method is-config="true" signature="tierdown()[pri:0, instance:AutoBots.BuildFramwork.ChcekOutPageValidatio@4d14b6c2]" started-at="2024-05-31T12:16:50 IST" name="tierdown" finished-at="2024-05-31T12:16:50 IST" duration-ms="260" status="PASS">
          <reporter-output>
          </reporter-output>
        </test-method> <!-- tierdown -->
        <test-method is-config="true" signature="getlogin()[pri:0, instance:AutoBots.BuildFramwork.ChcekOutPageValidatio@4d14b6c2]" started-at="2024-05-31T12:16:50 IST" name="getlogin" finished-at="2024-05-31T12:16:53 IST" duration-ms="2692" status="PASS">
          <reporter-output>
          </reporter-output>
        </test-method> <!-- getlogin -->
        <test-method signature="ValidationOfApplyPromoCode()[pri:0, instance:AutoBots.BuildFramwork.ChcekOutPageValidatio@4d14b6c2]" started-at="2024-05-31T12:16:53 IST" name="ValidationOfApplyPromoCode" finished-at="2024-05-31T12:17:00 IST" duration-ms="6426" status="PASS">
          <reporter-output>
          </reporter-output>
        </test-method> <!-- ValidationOfApplyPromoCode -->
        <test-method is-config="true" signature="tierdown()[pri:0, instance:AutoBots.BuildFramwork.ChcekOutPageValidatio@4d14b6c2]" started-at="2024-05-31T12:17:00 IST" name="tierdown" finished-at="2024-05-31T12:17:00 IST" duration-ms="235" status="PASS">
          <reporter-output>
          </reporter-output>
        </test-method> <!-- tierdown -->
        <test-method is-config="true" signature="getlogin()[pri:0, instance:AutoBots.BuildFramwork.ChcekOutPageValidatio@4d14b6c2]" started-at="2024-05-31T12:17:00 IST" name="getlogin" finished-at="2024-05-31T12:17:03 IST" duration-ms="2779" status="PASS">
          <reporter-output>
          </reporter-output>
        </test-method> <!-- getlogin -->
        <test-method signature="PlaceOrderButton()[pri:0, instance:AutoBots.BuildFramwork.ChcekOutPageValidatio@4d14b6c2]" started-at="2024-05-31T12:17:03 IST" name="PlaceOrderButton" finished-at="2024-05-31T12:17:09 IST" duration-ms="6443" status="PASS">
          <reporter-output>
          </reporter-output>
        </test-method> <!-- PlaceOrderButton -->
        <test-method is-config="true" signature="tierdown()[pri:0, instance:AutoBots.BuildFramwork.ChcekOutPageValidatio@4d14b6c2]" started-at="2024-05-31T12:17:09 IST" name="tierdown" finished-at="2024-05-31T12:17:09 IST" duration-ms="283" status="PASS">
          <reporter-output>
          </reporter-output>
        </test-method> <!-- tierdown -->
        <test-method is-config="true" signature="getlogin()[pri:0, instance:AutoBots.BuildFramwork.ChcekOutPageValidatio@4d14b6c2]" started-at="2024-05-31T12:17:09 IST" name="getlogin" finished-at="2024-05-31T12:17:12 IST" duration-ms="2346" status="PASS">
          <reporter-output>
          </reporter-output>
        </test-method> <!-- getlogin -->
        <test-method signature="ValidationOfSuccesfullyPlacedText()[pri:0, instance:AutoBots.BuildFramwork.ChcekOutPageValidatio@4d14b6c2]" started-at="2024-05-31T12:17:12 IST" name="ValidationOfSuccesfullyPlacedText" finished-at="2024-05-31T12:17:18 IST" duration-ms="6372" status="PASS">
          <reporter-output>
          </reporter-output>
        </test-method> <!-- ValidationOfSuccesfullyPlacedText -->
        <test-method is-config="true" signature="tierdown()[pri:0, instance:AutoBots.BuildFramwork.ChcekOutPageValidatio@4d14b6c2]" started-at="2024-05-31T12:17:18 IST" name="tierdown" finished-at="2024-05-31T12:17:18 IST" duration-ms="272" status="PASS">
          <reporter-output>
          </reporter-output>
        </test-method> <!-- tierdown -->
        <test-method is-config="true" signature="getlogin()[pri:0, instance:AutoBots.BuildFramwork.ChcekOutPageValidatio@4d14b6c2]" started-at="2024-05-31T12:17:18 IST" name="getlogin" finished-at="2024-05-31T12:17:21 IST" duration-ms="2465" status="PASS">
          <reporter-output>
          </reporter-output>
        </test-method> <!-- getlogin -->
        <test-method signature="FlowOfCheckoutPage()[pri:0, instance:AutoBots.BuildFramwork.ChcekOutPageValidatio@4d14b6c2]" started-at="2024-05-31T12:17:21 IST" name="FlowOfCheckoutPage" finished-at="2024-05-31T12:17:22 IST" duration-ms="1256" status="PASS">
          <reporter-output>
          </reporter-output>
        </test-method> <!-- FlowOfCheckoutPage -->
        <test-method is-config="true" signature="tierdown()[pri:0, instance:AutoBots.BuildFramwork.ChcekOutPageValidatio@4d14b6c2]" started-at="2024-05-31T12:17:22 IST" name="tierdown" finished-at="2024-05-31T12:17:22 IST" duration-ms="185" status="PASS">
          <reporter-output>
          </reporter-output>
        </test-method> <!-- tierdown -->
      </class> <!-- AutoBots.BuildFramwork.ChcekOutPageValidatio -->
      <class name="AutoBots.BuildFramwork.ItemsPageValidation">
        <test-method is-config="true" signature="getlogin()[pri:0, instance:AutoBots.BuildFramwork.ItemsPageValidation@69c81773]" started-at="2024-05-31T12:16:12 IST" name="getlogin" finished-at="2024-05-31T12:16:15 IST" duration-ms="2493" status="PASS">
          <reporter-output>
          </reporter-output>
        </test-method> <!-- getlogin -->
        <test-method signature="ValidationOfItemsPageLogo()[pri:0, instance:AutoBots.BuildFramwork.ItemsPageValidation@69c81773]" started-at="2024-05-31T12:16:15 IST" name="ValidationOfItemsPageLogo" finished-at="2024-05-31T12:16:16 IST" duration-ms="1211" status="PASS">
          <reporter-output>
          </reporter-output>
        </test-method> <!-- ValidationOfItemsPageLogo -->
        <test-method is-config="true" signature="tierdown()[pri:0, instance:AutoBots.BuildFramwork.ItemsPageValidation@69c81773]" started-at="2024-05-31T12:16:16 IST" name="tierdown" finished-at="2024-05-31T12:16:17 IST" duration-ms="593" status="PASS">
          <reporter-output>
          </reporter-output>
        </test-method> <!-- tierdown -->
        <test-method is-config="true" signature="getlogin()[pri:0, instance:AutoBots.BuildFramwork.ItemsPageValidation@69c81773]" started-at="2024-05-31T12:16:17 IST" name="getlogin" finished-at="2024-05-31T12:16:19 IST" duration-ms="2717" status="PASS">
          <reporter-output>
          </reporter-output>
        </test-method> <!-- getlogin -->
        <test-method signature="ValidationofSearchBox()[pri:0, instance:AutoBots.BuildFramwork.ItemsPageValidation@69c81773]" started-at="2024-05-31T12:16:19 IST" name="ValidationofSearchBox" finished-at="2024-05-31T12:16:20 IST" duration-ms="737" status="PASS">
          <reporter-output>
          </reporter-output>
        </test-method> <!-- ValidationofSearchBox -->
        <test-method is-config="true" signature="tierdown()[pri:0, instance:AutoBots.BuildFramwork.ItemsPageValidation@69c81773]" started-at="2024-05-31T12:16:20 IST" name="tierdown" finished-at="2024-05-31T12:16:20 IST" duration-ms="251" status="PASS">
          <reporter-output>
          </reporter-output>
        </test-method> <!-- tierdown -->
        <test-method is-config="true" signature="getlogin()[pri:0, instance:AutoBots.BuildFramwork.ItemsPageValidation@69c81773]" started-at="2024-05-31T12:16:20 IST" name="getlogin" finished-at="2024-05-31T12:16:23 IST" duration-ms="2618" status="PASS">
          <reporter-output>
          </reporter-output>
        </test-method> <!-- getlogin -->
        <test-method signature="ValidationOfTitleKart()[pri:0, instance:AutoBots.BuildFramwork.ItemsPageValidation@69c81773]" started-at="2024-05-31T12:16:23 IST" name="ValidationOfTitleKart" finished-at="2024-05-31T12:16:24 IST" duration-ms="709" status="PASS">
          <reporter-output>
          </reporter-output>
        </test-method> <!-- ValidationOfTitleKart -->
        <test-method is-config="true" signature="tierdown()[pri:0, instance:AutoBots.BuildFramwork.ItemsPageValidation@69c81773]" started-at="2024-05-31T12:16:24 IST" name="tierdown" finished-at="2024-05-31T12:16:24 IST" duration-ms="251" status="PASS">
          <reporter-output>
          </reporter-output>
        </test-method> <!-- tierdown -->
        <test-method is-config="true" signature="getlogin()[pri:0, instance:AutoBots.BuildFramwork.ItemsPageValidation@69c81773]" started-at="2024-05-31T12:16:24 IST" name="getlogin" finished-at="2024-05-31T12:16:27 IST" duration-ms="2936" status="PASS">
          <reporter-output>
          </reporter-output>
        </test-method> <!-- getlogin -->
        <test-method signature="FlowOfItemsPage()[pri:0, instance:AutoBots.BuildFramwork.ItemsPageValidation@69c81773]" started-at="2024-05-31T12:16:27 IST" name="FlowOfItemsPage" finished-at="2024-05-31T12:16:37 IST" duration-ms="10405" status="PASS">
          <reporter-output>
          </reporter-output>
        </test-method> <!-- FlowOfItemsPage -->
        <test-method is-config="true" signature="tierdown()[pri:0, instance:AutoBots.BuildFramwork.ItemsPageValidation@69c81773]" started-at="2024-05-31T12:16:37 IST" name="tierdown" finished-at="2024-05-31T12:16:38 IST" duration-ms="223" status="PASS">
          <reporter-output>
          </reporter-output>
        </test-method> <!-- tierdown -->
        <test-method is-config="true" signature="getlogin()[pri:0, instance:AutoBots.BuildFramwork.ItemsPageValidation@69c81773]" started-at="2024-05-31T12:16:38 IST" name="getlogin" finished-at="2024-05-31T12:16:40 IST" duration-ms="2573" status="PASS">
          <reporter-output>
          </reporter-output>
        </test-method> <!-- getlogin -->
        <test-method signature="ValidationOfTitleGreen()[pri:0, instance:AutoBots.BuildFramwork.ItemsPageValidation@69c81773]" started-at="2024-05-31T12:16:40 IST" name="ValidationOfTitleGreen" finished-at="2024-05-31T12:16:41 IST" duration-ms="712" status="PASS">
          <reporter-output>
          </reporter-output>
        </test-method> <!-- ValidationOfTitleGreen -->
        <test-method is-config="true" signature="tierdown()[pri:0, instance:AutoBots.BuildFramwork.ItemsPageValidation@69c81773]" started-at="2024-05-31T12:16:41 IST" name="tierdown" finished-at="2024-05-31T12:16:41 IST" duration-ms="168" status="PASS">
          <reporter-output>
          </reporter-output>
        </test-method> <!-- tierdown -->
      </class> <!-- AutoBots.BuildFramwork.ItemsPageValidation -->
      <class name="AutoBots.BuildFramwork.LoginPageValidation">
        <test-method is-config="true" signature="getlogin()[pri:0, instance:AutoBots.BuildFramwork.LoginPageValidation@4e5ed836]" started-at="2024-05-31T12:15:49 IST" name="getlogin" finished-at="2024-05-31T12:15:54 IST" duration-ms="4969" status="PASS">
          <reporter-output>
          </reporter-output>
        </test-method> <!-- getlogin -->
        <test-method signature="ValidCredentials()[pri:0, instance:AutoBots.BuildFramwork.LoginPageValidation@4e5ed836]" started-at="2024-05-31T12:15:54 IST" name="ValidCredentials" finished-at="2024-05-31T12:15:56 IST" duration-ms="1452" status="PASS">
          <reporter-output>
          </reporter-output>
        </test-method> <!-- ValidCredentials -->
        <test-method is-config="true" signature="tierdown()[pri:0, instance:AutoBots.BuildFramwork.LoginPageValidation@4e5ed836]" started-at="2024-05-31T12:15:56 IST" name="tierdown" finished-at="2024-05-31T12:15:56 IST" duration-ms="225" status="PASS">
          <reporter-output>
          </reporter-output>
        </test-method> <!-- tierdown -->
        <test-method is-config="true" signature="getlogin()[pri:0, instance:AutoBots.BuildFramwork.LoginPageValidation@4e5ed836]" started-at="2024-05-31T12:15:56 IST" name="getlogin" finished-at="2024-05-31T12:15:59 IST" duration-ms="3011" status="PASS">
          <reporter-output>
          </reporter-output>
        </test-method> <!-- getlogin -->
        <test-method signature="ValidationOfSiginButtonText()[pri:0, instance:AutoBots.BuildFramwork.LoginPageValidation@4e5ed836]" started-at="2024-05-31T12:15:59 IST" name="ValidationOfSiginButtonText" finished-at="2024-05-31T12:15:59 IST" duration-ms="49" status="PASS">
          <reporter-output>
          </reporter-output>
        </test-method> <!-- ValidationOfSiginButtonText -->
        <test-method is-config="true" signature="tierdown()[pri:0, instance:AutoBots.BuildFramwork.LoginPageValidation@4e5ed836]" started-at="2024-05-31T12:15:59 IST" name="tierdown" finished-at="2024-05-31T12:15:59 IST" duration-ms="162" status="PASS">
          <reporter-output>
          </reporter-output>
        </test-method> <!-- tierdown -->
        <test-method is-config="true" signature="getlogin()[pri:0, instance:AutoBots.BuildFramwork.LoginPageValidation@4e5ed836]" started-at="2024-05-31T12:15:59 IST" name="getlogin" finished-at="2024-05-31T12:16:01 IST" duration-ms="2032" status="PASS">
          <reporter-output>
          </reporter-output>
        </test-method> <!-- getlogin -->
        <test-method signature="ValidationsOfLoginPageUrl()[pri:0, instance:AutoBots.BuildFramwork.LoginPageValidation@4e5ed836]" started-at="2024-05-31T12:16:01 IST" name="ValidationsOfLoginPageUrl" finished-at="2024-05-31T12:16:02 IST" duration-ms="471" status="PASS">
          <reporter-output>
          </reporter-output>
        </test-method> <!-- ValidationsOfLoginPageUrl -->
        <test-method is-config="true" signature="tierdown()[pri:0, instance:AutoBots.BuildFramwork.LoginPageValidation@4e5ed836]" started-at="2024-05-31T12:16:02 IST" name="tierdown" finished-at="2024-05-31T12:16:02 IST" duration-ms="141" status="PASS">
          <reporter-output>
          </reporter-output>
        </test-method> <!-- tierdown -->
      </class> <!-- AutoBots.BuildFramwork.LoginPageValidation -->
      <class name="AutoBots.BuildFramwork.OrdersPageValidation">
        <test-method is-config="true" signature="getlogin()[pri:0, instance:AutoBots.BuildFramwork.OrdersPageValidation@7e990ed7]" started-at="2024-05-31T12:17:22 IST" name="getlogin" finished-at="2024-05-31T12:17:25 IST" duration-ms="2514" status="PASS">
          <reporter-output>
          </reporter-output>
        </test-method> <!-- getlogin -->
        <test-method signature="ValidationOfItemsInOrderPage()[pri:0, instance:AutoBots.BuildFramwork.OrdersPageValidation@7e990ed7]" started-at="2024-05-31T12:17:25 IST" name="ValidationOfItemsInOrderPage" finished-at="2024-05-31T12:17:34 IST" duration-ms="8846" status="FAIL">
          <exception class="java.lang.AssertionError">
            <message>
              <![CDATA[lists don't have the same size expected [2] but found [3]]]>
            </message>
            <full-stacktrace>
              <![CDATA[java.lang.AssertionError: lists don't have the same size expected [2] but found [3]
at org.testng.Assert.fail(Assert.java:99)
at org.testng.Assert.failNotEquals(Assert.java:1037)
at org.testng.Assert.assertEqualsImpl(Assert.java:140)
at org.testng.Assert.assertEquals(Assert.java:122)
at org.testng.Assert.assertEquals(Assert.java:907)
at org.testng.Assert.assertEquals(Assert.java:1089)
at org.testng.Assert.assertEquals(Assert.java:1065)
at AutoBots.BuildFramwork.OrdersPageValidation.ValidationOfItemsInOrderPage(OrdersPageValidation.java:141)
at java.base/jdk.internal.reflect.DirectMethodHandleAccessor.invoke(DirectMethodHandleAccessor.java:103)
at java.base/java.lang.reflect.Method.invoke(Method.java:580)
at org.testng.internal.MethodInvocationHelper.invokeMethod(MethodInvocationHelper.java:133)
at org.testng.internal.TestInvoker.invokeMethod(TestInvoker.java:598)
at org.testng.internal.TestInvoker.invokeTestMethod(TestInvoker.java:173)
at org.testng.internal.MethodRunner.runInSequence(MethodRunner.java:46)
at org.testng.internal.TestInvoker$MethodInvocationAgent.invoke(TestInvoker.java:824)
at org.testng.internal.TestInvoker.invokeTestMethods(TestInvoker.java:146)
at org.testng.internal.TestMethodWorker.invokeTestMethods(TestMethodWorker.java:146)
at org.testng.internal.TestMethodWorker.run(TestMethodWorker.java:128)
at java.base/java.util.ArrayList.forEach(ArrayList.java:1596)
at org.testng.TestRunner.privateRun(TestRunner.java:794)
at org.testng.TestRunner.run(TestRunner.java:596)
at org.testng.SuiteRunner.runTest(SuiteRunner.java:377)
at org.testng.SuiteRunner.runSequentially(SuiteRunner.java:371)
at org.testng.SuiteRunner.privateRun(SuiteRunner.java:332)
at org.testng.SuiteRunner.run(SuiteRunner.java:276)
at org.testng.SuiteRunnerWorker.runSuite(SuiteRunnerWorker.java:53)
at org.testng.SuiteRunnerWorker.run(SuiteRunnerWorker.java:96)
at org.testng.TestNG.runSuitesSequentially(TestNG.java:1212)
at org.testng.TestNG.runSuitesLocally(TestNG.java:1134)
at org.testng.TestNG.runSuites(TestNG.java:1063)
at org.testng.TestNG.run(TestNG.java:1031)
at org.testng.remote.AbstractRemoteTestNG.run(AbstractRemoteTestNG.java:115)
at org.testng.remote.RemoteTestNG.initAndRun(RemoteTestNG.java:293)
at org.testng.remote.RemoteTestNG.main(RemoteTestNG.java:91)
]]>
            </full-stacktrace>
          </exception> <!-- java.lang.AssertionError -->
          <reporter-output>
          </reporter-output>
        </test-method> <!-- ValidationOfItemsInOrderPage -->
        <test-method is-config="true" signature="tierdown()[pri:0, instance:AutoBots.BuildFramwork.OrdersPageValidation@7e990ed7]" started-at="2024-05-31T12:17:34 IST" name="tierdown" finished-at="2024-05-31T12:17:34 IST" duration-ms="270" status="PASS">
          <reporter-output>
          </reporter-output>
        </test-method> <!-- tierdown -->
        <test-method is-config="true" signature="getlogin()[pri:0, instance:AutoBots.BuildFramwork.OrdersPageValidation@7e990ed7]" started-at="2024-05-31T12:17:34 IST" name="getlogin" finished-at="2024-05-31T12:17:36 IST" duration-ms="2613" status="PASS">
          <reporter-output>
          </reporter-output>
        </test-method> <!-- getlogin -->
        <test-method signature="CompleteFlow()[pri:0, instance:AutoBots.BuildFramwork.OrdersPageValidation@7e990ed7]" started-at="2024-05-31T12:17:36 IST" name="CompleteFlow" finished-at="2024-05-31T12:17:42 IST" duration-ms="5471" status="PASS">
          <reporter-output>
          </reporter-output>
        </test-method> <!-- CompleteFlow -->
        <test-method is-config="true" signature="tierdown()[pri:0, instance:AutoBots.BuildFramwork.OrdersPageValidation@7e990ed7]" started-at="2024-05-31T12:17:42 IST" name="tierdown" finished-at="2024-05-31T12:17:42 IST" duration-ms="234" status="PASS">
          <reporter-output>
          </reporter-output>
        </test-method> <!-- tierdown -->
      </class> <!-- AutoBots.BuildFramwork.OrdersPageValidation -->
      <class name="AutoBots.BuildFramwork.HomePageValidation">
        <test-method is-config="true" signature="getlogin()[pri:0, instance:AutoBots.BuildFramwork.HomePageValidation@30f842ca]" started-at="2024-05-31T12:16:02 IST" name="getlogin" finished-at="2024-05-31T12:16:04 IST" duration-ms="2677" status="PASS">
          <reporter-output>
          </reporter-output>
        </test-method> <!-- getlogin -->
        <test-method signature="ValidationOfHomePageLogo()[pri:0, instance:AutoBots.BuildFramwork.HomePageValidation@30f842ca]" started-at="2024-05-31T12:16:04 IST" name="ValidationOfHomePageLogo" finished-at="2024-05-31T12:16:05 IST" duration-ms="574" status="PASS">
          <reporter-output>
          </reporter-output>
        </test-method> <!-- ValidationOfHomePageLogo -->
        <test-method is-config="true" signature="tierdown()[pri:0, instance:AutoBots.BuildFramwork.HomePageValidation@30f842ca]" started-at="2024-05-31T12:16:05 IST" name="tierdown" finished-at="2024-05-31T12:16:05 IST" duration-ms="152" status="PASS">
          <reporter-output>
          </reporter-output>
        </test-method> <!-- tierdown -->
        <test-method is-config="true" signature="getlogin()[pri:0, instance:AutoBots.BuildFramwork.HomePageValidation@30f842ca]" started-at="2024-05-31T12:16:05 IST" name="getlogin" finished-at="2024-05-31T12:16:08 IST" duration-ms="2866" status="PASS">
          <reporter-output>
          </reporter-output>
        </test-method> <!-- getlogin -->
        <test-method signature="ValidationOfHomeButtonsText()[pri:0, instance:AutoBots.BuildFramwork.HomePageValidation@30f842ca]" started-at="2024-05-31T12:16:08 IST" name="ValidationOfHomeButtonsText" finished-at="2024-05-31T12:16:09 IST" duration-ms="568" status="PASS">
          <reporter-output>
          </reporter-output>
        </test-method> <!-- ValidationOfHomeButtonsText -->
        <test-method is-config="true" signature="tierdown()[pri:0, instance:AutoBots.BuildFramwork.HomePageValidation@30f842ca]" started-at="2024-05-31T12:16:09 IST" name="tierdown" finished-at="2024-05-31T12:16:09 IST" duration-ms="148" status="PASS">
          <reporter-output>
          </reporter-output>
        </test-method> <!-- tierdown -->
        <test-method is-config="true" signature="getlogin()[pri:0, instance:AutoBots.BuildFramwork.HomePageValidation@30f842ca]" started-at="2024-05-31T12:16:09 IST" name="getlogin" finished-at="2024-05-31T12:16:11 IST" duration-ms="2739" status="PASS">
          <reporter-output>
          </reporter-output>
        </test-method> <!-- getlogin -->
        <test-method signature="ValidationOfGreenKartTextAndButton()[pri:0, instance:AutoBots.BuildFramwork.HomePageValidation@30f842ca]" started-at="2024-05-31T12:16:11 IST" name="ValidationOfGreenKartTextAndButton" finished-at="2024-05-31T12:16:12 IST" duration-ms="687" status="PASS">
          <reporter-output>
          </reporter-output>
        </test-method> <!-- ValidationOfGreenKartTextAndButton -->
        <test-method is-config="true" signature="tierdown()[pri:0, instance:AutoBots.BuildFramwork.HomePageValidation@30f842ca]" started-at="2024-05-31T12:16:12 IST" name="tierdown" finished-at="2024-05-31T12:16:12 IST" duration-ms="361" status="PASS">
          <reporter-output>
          </reporter-output>
        </test-method> <!-- tierdown -->
      </class> <!-- AutoBots.BuildFramwork.HomePageValidation -->
    </test> <!-- Test -->
  </suite> <!-- Suite -->
</testng-results>
